<?xml version="1.0" encoding="UTF-8" ?>
<testsuites disabled="0" errors="0" failures="1" tests="1" time="69">
 <testsuite name="media-demands-front App" timestamp="2018-02-25T13:15:18" hostname="localhost" time="0.069" errors="0" tests="1" skipped="0" disabled="0" failures="1">
  <testcase classname="media-demands-front App" name="should display welcome message" time="0.067">
   <failure type="exception" message="Failed: blabla is not defined"><![CDATA[ReferenceError: blabla is not defined
    at MainPage.getBlbla (D:\DEV\media-demands-front\e2e\main.po.ts:17:20)
    at UserContext.<anonymous> (D:\DEV\media-demands-front\e2e\main.e2e-spec.ts:12:17)
    at D:\DEV\media-demands-front\node_modules\jasminewd2\index.js:112:25
    at new ManagedPromise (D:\DEV\media-demands-front\node_modules\selenium-webdriver\lib\promise.js:1067:7)
    at ControlFlow.promise (D:\DEV\media-demands-front\node_modules\selenium-webdriver\lib\promise.js:2396:12)
    at schedulerExecute (D:\DEV\media-demands-front\node_modules\jasminewd2\index.js:95:18)
    at TaskQueue.execute_ (D:\DEV\media-demands-front\node_modules\selenium-webdriver\lib\promise.js:2970:14)
    at TaskQueue.executeNext_ (D:\DEV\media-demands-front\node_modules\selenium-webdriver\lib\promise.js:2953:27)
    at asyncRun (D:\DEV\media-demands-front\node_modules\selenium-webdriver\lib\promise.js:2860:25)
    at D:\DEV\media-demands-front\node_modules\selenium-webdriver\lib\promise.js:676:7
    at <anonymous>
    at process._tickCallback (internal/process/next_tick.js:160:7)
From: Task: Run it("should display welcome message") in control flow
    at UserContext.<anonymous> (D:\DEV\media-demands-front\node_modules\jasminewd2\index.js:94:19)
    at attempt (D:\DEV\media-demands-front\node_modules\jasmine\node_modules\jasmine-core\lib\jasmine-core\jasmine.js:4486:26)
    at QueueRunner.run (D:\DEV\media-demands-front\node_modules\jasmine\node_modules\jasmine-core\lib\jasmine-core\jasmine.js:4402:20)
    at runNext (D:\DEV\media-demands-front\node_modules\jasmine\node_modules\jasmine-core\lib\jasmine-core\jasmine.js:4446:20)
    at D:\DEV\media-demands-front\node_modules\jasmine\node_modules\jasmine-core\lib\jasmine-core\jasmine.js:4453:13
    at D:\DEV\media-demands-front\node_modules\jasmine\node_modules\jasmine-core\lib\jasmine-core\jasmine.js:4356:12
    at D:\DEV\media-demands-front\node_modules\jasminewd2\index.js:64:48
    at ControlFlow.emit (D:\DEV\media-demands-front\node_modules\selenium-webdriver\lib\events.js:62:21)
    at ControlFlow.shutdown_ (D:\DEV\media-demands-front\node_modules\selenium-webdriver\lib\promise.js:2565:10)
    at shutdownTask_.MicroTask (D:\DEV\media-demands-front\node_modules\selenium-webdriver\lib\promise.js:2490:53)
    at MicroTask.asyncRun (D:\DEV\media-demands-front\node_modules\selenium-webdriver\lib\promise.js:2619:9)
    at D:\DEV\media-demands-front\node_modules\selenium-webdriver\lib\promise.js:676:7
    at <anonymous>
    at process._tickCallback (internal/process/next_tick.js:160:7)
From asynchronous test: 
Error
    at Suite.<anonymous> (D:\DEV\media-demands-front\e2e\main.e2e-spec.ts:10:3)
    at addSpecsToSuite (D:\DEV\media-demands-front\node_modules\jasmine\node_modules\jasmine-core\lib\jasmine-core\jasmine.js:1181:25)
    at Env.describe (D:\DEV\media-demands-front\node_modules\jasmine\node_modules\jasmine-core\lib\jasmine-core\jasmine.js:1145:7)
    at describe (D:\DEV\media-demands-front\node_modules\jasmine\node_modules\jasmine-core\lib\jasmine-core\jasmine.js:4593:18)
    at Object.<anonymous> (D:\DEV\media-demands-front\e2e\main.e2e-spec.ts:3:1)
    at Module._compile (module.js:662:30)
    at Module.m._compile (D:\DEV\media-demands-front\node_modules\ts-node\src\index.ts:422:23)
    at Module._extensions..js (module.js:673:10)
    at Object.require.extensions.(anonymous function) [as .ts] (D:\DEV\media-demands-front\node_modules\ts-node\src\index.ts:425:12)
    at Module.load (module.js:575:32)
    at tryModuleLoad (module.js:515:12)
    at Function.Module._load (module.js:507:3)
    at Module.require (module.js:606:17)
    at require (internal/module.js:11:18)
    at D:\DEV\media-demands-front\node_modules\jasmine\lib\jasmine.js:93:5]]>
   </failure>
  </testcase>
 </testsuite>
</testsuites>